[2024-05-18T18:37:51.368+0000] {taskinstance.py:1165} INFO - Dependencies all met for <TaskInstance: assignment_dag.data-transform manual__2024-05-18T17:54:45.547450+00:00 [queued]>
[2024-05-18T18:37:51.868+0000] {taskinstance.py:1165} INFO - Dependencies all met for <TaskInstance: assignment_dag.data-transform manual__2024-05-18T17:54:45.547450+00:00 [queued]>
[2024-05-18T18:37:51.877+0000] {taskinstance.py:1362} INFO - 
--------------------------------------------------------------------------------
[2024-05-18T18:37:51.908+0000] {taskinstance.py:1363} INFO - Starting attempt 1 of 2
[2024-05-18T18:37:51.918+0000] {taskinstance.py:1364} INFO - 
--------------------------------------------------------------------------------
[2024-05-18T18:37:52.159+0000] {taskinstance.py:1383} INFO - Executing <Task(PythonOperator): data-transform> on 2024-05-18 17:54:45.547450+00:00
[2024-05-18T18:37:52.184+0000] {standard_task_runner.py:55} INFO - Started process 6544 to run task
[2024-05-18T18:37:52.265+0000] {standard_task_runner.py:82} INFO - Running: ['***', 'tasks', 'run', 'assignment_dag', 'data-transform', 'manual__2024-05-18T17:54:45.547450+00:00', '--job-id', '12', '--raw', '--subdir', 'DAGS_FOLDER/assignment_dag.py', '--cfg-path', '/tmp/tmpyh6uwl4d']
[2024-05-18T18:37:52.334+0000] {standard_task_runner.py:83} INFO - Job 12: Subtask data-transform
[2024-05-18T18:37:53.330+0000] {task_command.py:376} INFO - Running <TaskInstance: assignment_dag.data-transform manual__2024-05-18T17:54:45.547450+00:00 [running]> on host ec7a58f0c94e
[2024-05-18T18:37:54.999+0000] {taskinstance.py:1592} INFO - Exporting the following env vars:
AIRFLOW_CTX_DAG_EMAIL=i200704@nu.edu.pk
AIRFLOW_CTX_DAG_OWNER=***
AIRFLOW_CTX_DAG_ID=assignment_dag
AIRFLOW_CTX_TASK_ID=data-transform
AIRFLOW_CTX_EXECUTION_DATE=2024-05-18T17:54:45.547450+00:00
AIRFLOW_CTX_TRY_NUMBER=1
AIRFLOW_CTX_DAG_RUN_ID=manual__2024-05-18T17:54:45.547450+00:00
[2024-05-18T18:37:55.186+0000] {assignment_dag.py:71} INFO - No data received from extract
[2024-05-18T18:37:55.195+0000] {python.py:177} INFO - Done. Returned value was: []
[2024-05-18T18:37:55.344+0000] {taskinstance.py:1406} INFO - Marking task as SUCCESS. dag_id=assignment_dag, task_id=data-transform, execution_date=20240518T175445, start_date=20240518T183751, end_date=20240518T183755
[2024-05-18T18:37:55.569+0000] {local_task_job.py:164} INFO - Task exited with return code 0
[2024-05-18T18:37:56.335+0000] {local_task_job.py:273} INFO - 1 downstream tasks scheduled from follow-on schedule check
