[2024-05-18T18:38:33.591+0000] {taskinstance.py:1165} INFO - Dependencies all met for <TaskInstance: assignment_dag.data-load manual__2024-05-18T17:54:45.547450+00:00 [queued]>
[2024-05-18T18:38:33.707+0000] {taskinstance.py:1165} INFO - Dependencies all met for <TaskInstance: assignment_dag.data-load manual__2024-05-18T17:54:45.547450+00:00 [queued]>
[2024-05-18T18:38:33.721+0000] {taskinstance.py:1362} INFO - 
--------------------------------------------------------------------------------
[2024-05-18T18:38:33.730+0000] {taskinstance.py:1363} INFO - Starting attempt 1 of 2
[2024-05-18T18:38:33.743+0000] {taskinstance.py:1364} INFO - 
--------------------------------------------------------------------------------
[2024-05-18T18:38:34.117+0000] {taskinstance.py:1383} INFO - Executing <Task(PythonOperator): data-load> on 2024-05-18 17:54:45.547450+00:00
[2024-05-18T18:38:34.295+0000] {standard_task_runner.py:55} INFO - Started process 6566 to run task
[2024-05-18T18:38:34.345+0000] {standard_task_runner.py:82} INFO - Running: ['***', 'tasks', 'run', 'assignment_dag', 'data-load', 'manual__2024-05-18T17:54:45.547450+00:00', '--job-id', '14', '--raw', '--subdir', 'DAGS_FOLDER/assignment_dag.py', '--cfg-path', '/tmp/tmpf7qw3qps']
[2024-05-18T18:38:34.352+0000] {standard_task_runner.py:83} INFO - Job 14: Subtask data-load
[2024-05-18T18:38:34.917+0000] {task_command.py:376} INFO - Running <TaskInstance: assignment_dag.data-load manual__2024-05-18T17:54:45.547450+00:00 [running]> on host ec7a58f0c94e
[2024-05-18T18:38:35.459+0000] {taskinstance.py:1592} INFO - Exporting the following env vars:
AIRFLOW_CTX_DAG_EMAIL=i200704@nu.edu.pk
AIRFLOW_CTX_DAG_OWNER=***
AIRFLOW_CTX_DAG_ID=assignment_dag
AIRFLOW_CTX_TASK_ID=data-load
AIRFLOW_CTX_EXECUTION_DATE=2024-05-18T17:54:45.547450+00:00
AIRFLOW_CTX_TRY_NUMBER=1
AIRFLOW_CTX_DAG_RUN_ID=manual__2024-05-18T17:54:45.547450+00:00
[2024-05-18T18:38:35.561+0000] {assignment_dag.py:92} ERROR - No data to load.
[2024-05-18T18:38:35.565+0000] {python.py:177} INFO - Done. Returned value was: None
[2024-05-18T18:38:35.598+0000] {taskinstance.py:1406} INFO - Marking task as SUCCESS. dag_id=assignment_dag, task_id=data-load, execution_date=20240518T175445, start_date=20240518T183833, end_date=20240518T183835
[2024-05-18T18:38:35.723+0000] {local_task_job.py:164} INFO - Task exited with return code 0
[2024-05-18T18:38:36.002+0000] {local_task_job.py:273} INFO - 1 downstream tasks scheduled from follow-on schedule check
