[2024-05-18T18:37:01.196+0000] {taskinstance.py:1165} INFO - Dependencies all met for <TaskInstance: assignment_dag.data-transform manual__2024-05-18T18:07:20+00:00 [queued]>
[2024-05-18T18:37:01.466+0000] {taskinstance.py:1165} INFO - Dependencies all met for <TaskInstance: assignment_dag.data-transform manual__2024-05-18T18:07:20+00:00 [queued]>
[2024-05-18T18:37:01.499+0000] {taskinstance.py:1362} INFO - 
--------------------------------------------------------------------------------
[2024-05-18T18:37:01.500+0000] {taskinstance.py:1363} INFO - Starting attempt 1 of 2
[2024-05-18T18:37:01.506+0000] {taskinstance.py:1364} INFO - 
--------------------------------------------------------------------------------
[2024-05-18T18:37:01.945+0000] {taskinstance.py:1383} INFO - Executing <Task(PythonOperator): data-transform> on 2024-05-18 18:07:20+00:00
[2024-05-18T18:37:01.999+0000] {standard_task_runner.py:55} INFO - Started process 6517 to run task
[2024-05-18T18:37:02.129+0000] {standard_task_runner.py:82} INFO - Running: ['***', 'tasks', 'run', 'assignment_dag', 'data-transform', 'manual__2024-05-18T18:07:20+00:00', '--job-id', '11', '--raw', '--subdir', 'DAGS_FOLDER/assignment_dag.py', '--cfg-path', '/tmp/tmprsms2k50']
[2024-05-18T18:37:02.141+0000] {standard_task_runner.py:83} INFO - Job 11: Subtask data-transform
[2024-05-18T18:37:02.954+0000] {task_command.py:376} INFO - Running <TaskInstance: assignment_dag.data-transform manual__2024-05-18T18:07:20+00:00 [running]> on host ec7a58f0c94e
[2024-05-18T18:37:04.289+0000] {taskinstance.py:1592} INFO - Exporting the following env vars:
AIRFLOW_CTX_DAG_EMAIL=i200704@nu.edu.pk
AIRFLOW_CTX_DAG_OWNER=***
AIRFLOW_CTX_DAG_ID=assignment_dag
AIRFLOW_CTX_TASK_ID=data-transform
AIRFLOW_CTX_EXECUTION_DATE=2024-05-18T18:07:20+00:00
AIRFLOW_CTX_TRY_NUMBER=1
AIRFLOW_CTX_DAG_RUN_ID=manual__2024-05-18T18:07:20+00:00
[2024-05-18T18:37:04.665+0000] {assignment_dag.py:71} INFO - No data received from extract
[2024-05-18T18:37:04.680+0000] {python.py:177} INFO - Done. Returned value was: []
[2024-05-18T18:37:05.004+0000] {taskinstance.py:1406} INFO - Marking task as SUCCESS. dag_id=assignment_dag, task_id=data-transform, execution_date=20240518T180720, start_date=20240518T183701, end_date=20240518T183704
[2024-05-18T18:37:07.698+0000] {local_task_job.py:164} INFO - Task exited with return code 0
[2024-05-18T18:37:11.310+0000] {local_task_job.py:273} INFO - 1 downstream tasks scheduled from follow-on schedule check
